\BOOKMARK [0][-]{chapter.1}{\376\377\226\217\147\072\123\330\221\317\166\204\165\037\142\020\145\271\154\325}{}% 1
\BOOKMARK [1][-]{section.1.1}{\376\377\226\217\147\072\145\160\165\037\142\020}{chapter.1}% 2
\BOOKMARK [1][-]{section.1.2}{\376\377\147\011\226\120\140\073\117\123\142\275\150\067}{chapter.1}% 3
\BOOKMARK [1][-]{section.1.3}{\376\377\000R\116\055\136\070\211\301\151\202\163\207\122\006\136\003\166\204\226\217\147\072\165\037\142\020\121\375\145\160}{chapter.1}% 4
\BOOKMARK [1][-]{section.1.4}{\376\377\165\037\142\020\226\217\147\072\123\330\221\317\166\204\220\006\123\330\143\142\154\325}{chapter.1}% 5
\BOOKMARK [2][-]{subsection.1.4.1}{\376\377\217\336\176\355\140\305\137\142\116\013\166\204\220\006\123\330\143\142\154\325}{section.1.4}% 6
\BOOKMARK [2][-]{subsection.1.4.2}{\376\377\171\273\145\143\140\305\137\142\116\013\166\204\220\006\123\330\143\142\154\325}{section.1.4}% 7
\BOOKMARK [1][-]{section.1.5}{\376\377\143\245\123\327\142\322\176\335\154\325}{chapter.1}% 8
\BOOKMARK [1][-]{section.1.6}{\376\377\154\102\124\214\123\330\143\142\116\016\155\367\124\010}{chapter.1}% 9
\BOOKMARK [2][-]{subsection.1.6.1}{\376\377\123\167\171\357}{section.1.6}% 10
\BOOKMARK [2][-]{subsection.1.6.2}{\376\377\155\367\124\010\122\006\136\003}{section.1.6}% 11
\BOOKMARK [1][-]{section.1.7}{\376\377\131\032\121\103\122\006\136\003}{chapter.1}% 12
\BOOKMARK [2][-]{subsection.1.7.1}{\376\377\131\032\121\103\153\143\140\001\122\006\136\003}{section.1.7}% 13
\BOOKMARK [0][-]{chapter.2}{\376\377\176\304\124\010\117\030\123\026}{}% 14
\BOOKMARK [1][-]{section.2.1}{\376\377\226\276\230\230\124\214\000N\000P\133\214\131\007\140\047}{chapter.2}% 15
\BOOKMARK [2][-]{subsection.2.1.1}{\376\377\000P\225\356\230\230\060\001\000N\000P\225\356\230\230\060\001\000N\000P\000C\225\356\230\230\060\001\000N\000P\000-\000h\000a\000r\000d\225\356\230\230}{section.2.1}% 16
\BOOKMARK [3][-]{subsubsection.2.1.1.1}{\376\377\131\032\230\171\137\017\145\366\225\364\000\050\000p\000o\000l\000y\000n\000o\000m\000i\000a\000l\000\040\000t\000i\000m\000e\000\051}{subsection.2.1.1}% 17
\BOOKMARK [3][-]{subsubsection.2.1.1.2}{\376\377\170\156\133\232\140\047\173\227\154\325\116\016\227\136\170\156\133\232\140\047\173\227\154\325}{subsection.2.1.1}% 18
\BOOKMARK [3][-]{subsubsection.2.1.1.3}{\376\377\211\304\176\246\000/\176\246\123\026}{subsection.2.1.1}% 19
\BOOKMARK [3][-]{subsubsection.2.1.1.4}{\376\377\000P\174\173\225\356\230\230\060\001\000N\000P\174\173\225\356\230\230\060\001\000N\000P\000C\225\356\230\230\060\001\000N\000P\226\276\225\356\230\230}{subsection.2.1.1}% 20
\BOOKMARK [2][-]{subsection.2.1.2}{\376\377\000A\000I\000C\000,\000\040\000B\000I\000C\117\341\140\157\121\306\122\031}{section.2.1}% 21
\BOOKMARK [3][-]{subsubsection.2.1.2.1}{\376\377\000A\000I\000C}{subsection.2.1.2}% 22
\BOOKMARK [3][-]{subsubsection.2.1.2.2}{\376\377\000B\000I\000C}{subsection.2.1.2}% 23
\BOOKMARK [3][-]{subsubsection.2.1.2.3}{\376\377\000A\000I\000C\116\016\000B\000I\000C\153\324\217\203}{subsection.2.1.2}% 24
\BOOKMARK [2][-]{subsection.2.1.3}{\376\377\124\057\123\321\137\017\173\227\154\325\377\010\000H\000e\000u\000r\000i\000s\000t\000i\000c\000\040\000A\000l\000g\000o\000r\000i\000t\000h\000m\377\011}{section.2.1}% 25
\BOOKMARK [3][-]{subsubsection.2.1.3.1}{\376\377\124\057\123\321\137\017\173\227\154\325\166\204\133\232\116\111}{subsection.2.1.3}% 26
\BOOKMARK [1][-]{section.2.2}{\376\377\134\100\220\350\144\034\175\042}{chapter.2}% 27
\BOOKMARK [2][-]{subsection.2.2.1}{\376\377\134\100\220\350\144\034\175\042\040\023\162\054\134\161\154\325}{section.2.2}% 28
\BOOKMARK [3][-]{subsubsection.2.2.1.1}{\376\377\162\054\134\161\154\325\166\204\123\330\117\123\137\142\137\017}{subsection.2.2.1}% 29
\BOOKMARK [2][-]{subsection.2.2.2}{\376\377\226\217\147\072\122\035\120\074\166\204\134\100\220\350\144\034\175\042\000\050\000R\000a\000n\000d\000o\000m\000\040\000S\000t\000a\000r\000t\000s\000\040\000L\000o\000c\000a\000l\000\040\000S\000e\000a\000r\000c\000h\000\051\000\040}{section.2.2}% 30
\BOOKMARK [1][-]{section.2.3}{\376\377\171\201\137\314\144\034\175\042\173\227\154\325\377\010\000T\000a\000b\000u\000\040\000S\000e\000a\000r\000c\000h\377\011}{chapter.2}% 31
\BOOKMARK [2][-]{subsection.2.3.1}{\376\377\173\227\154\325\151\202\217\360\000:\116\073\211\201\140\035\215\357}{section.2.3}% 32
\BOOKMARK [2][-]{subsection.2.3.2}{\376\377\173\227\154\325\123\237\164\006}{section.2.3}% 33
\BOOKMARK [3][-]{subsubsection.2.3.2.1}{\376\377\220\273\127\337}{subsection.2.3.2}% 34
\BOOKMARK [3][-]{subsubsection.2.3.2.2}{\376\377\120\031\220\011\226\306\124\010\124\214\213\304\116\367\121\375\145\160}{subsection.2.3.2}% 35
\BOOKMARK [3][-]{subsubsection.2.3.2.3}{\376\377\171\201\137\314\133\371\214\141\124\214\171\201\137\314\225\177\136\246}{subsection.2.3.2}% 36
\BOOKMARK [3][-]{subsubsection.2.3.2.4}{\376\377\162\171\215\146\211\304\122\031\124\214\213\260\137\306\230\221\163\207\117\341\140\157}{subsection.2.3.2}% 37
\BOOKMARK [2][-]{subsection.2.3.3}{\376\377\173\227\154\325\155\101\172\013}{section.2.3}% 38
\BOOKMARK [2][-]{subsection.2.3.4}{\376\377\116\000\171\315\176\374\124\010\166\204\171\201\137\314\173\227\154\325}{section.2.3}% 39
\BOOKMARK [1][-]{section.2.4}{\376\377\152\041\142\337\220\000\160\153}{chapter.2}% 40
\BOOKMARK [2][-]{subsection.2.4.1}{\376\377\173\227\154\325\217\307\172\013}{section.2.4}% 41
\BOOKMARK [3][-]{subsubsection.2.4.1.1}{\376\377\220\273\127\337\124\214\143\320\150\110\133\306\136\246}{subsection.2.4.1}% 42
\BOOKMARK [3][-]{subsubsection.2.4.1.2}{\376\377\121\267\123\164\217\333\136\246\116\016\145\066\145\133}{subsection.2.4.1}% 43
\BOOKMARK [1][-]{section.2.5}{\376\377\220\127\117\040\173\227\154\325}{chapter.2}% 44
\BOOKMARK [2][-]{subsection.2.5.1}{\376\377\220\127\117\040\173\227\154\325\176\304\142\020}{section.2.5}% 45
\BOOKMARK [2][-]{subsection.2.5.2}{\376\377\177\026\170\001\116\016\211\343\170\001}{section.2.5}% 46
\BOOKMARK [2][-]{subsection.2.5.3}{\376\377\116\052\117\123\116\016\171\315\177\244}{section.2.5}% 47
\BOOKMARK [2][-]{subsection.2.5.4}{\376\377\220\002\136\224\136\246\121\375\145\160}{section.2.5}% 48
\BOOKMARK [2][-]{subsection.2.5.5}{\376\377\220\127\117\040\173\227\133\120}{section.2.5}% 49
\BOOKMARK [2][-]{subsection.2.5.6}{\376\377\220\127\117\040\173\227\154\325\155\101\172\013}{section.2.5}% 50
\BOOKMARK [0][-]{chapter.3}{\376\377\000E\000M\173\227\154\325}{}% 51
\BOOKMARK [1][-]{section.3.1}{\376\377\173\200\116\313}{chapter.3}% 52
\BOOKMARK [1][-]{section.3.2}{\376\377\230\204\131\007\167\345\213\306}{chapter.3}% 53
\BOOKMARK [1][-]{section.3.3}{\376\377\000E\000M\173\227\154\325\213\346\211\343}{chapter.3}% 54
\BOOKMARK [2][-]{subsection.3.3.1}{\376\377\225\356\230\230\171\072\117\213}{section.3.3}% 55
\BOOKMARK [2][-]{subsection.3.3.2}{\376\377\000E\000M\173\227\154\325\143\250\133\374\155\101\172\013}{section.3.3}% 56
\BOOKMARK [1][-]{section.3.4}{\376\377\000E\000M\173\227\154\325\155\101\172\013}{chapter.3}% 57
